<?xml version="1.0" encoding="UTF-8"?>
<!-- Generated by org.testng.reporters.JUnitReportReporter -->
<testsuite hostname="Vihan" failures="0" tests="2" name="com.selenium.grid.SeleniumGridUsingWindowsNotDocker" time="21.980" errors="0" timestamp="2025-11-20T16:39:00 IST" skipped="0">
  <testcase classname="com.selenium.grid.SeleniumGridUsingWindowsNotDocker" name="launchGridEnv" time="13.069"/>
  <testcase classname="com.selenium.grid.SeleniumGridUsingWindowsNotDocker" name="launchGridEnv" time="8.911"/>
</testsuite> <!-- com.selenium.grid.SeleniumGridUsingWindowsNotDocker -->
