<?xml version="1.0" encoding="UTF-8"?>
<!-- Generated by org.testng.reporters.JUnitReportReporter -->
<testsuite hostname="Vihan" failures="0" tests="6" name="NewAutomationSeries.DataProviderWithExcel" time="41.892" errors="0" timestamp="2025-08-08T17:26:24 IST" skipped="0">
  <testcase classname="NewAutomationSeries.DataProviderWithExcel" name="searchKeyword" time="6.325"/>
  <testcase classname="NewAutomationSeries.DataProviderWithExcel" name="searchKeyword" time="8.132"/>
  <testcase classname="NewAutomationSeries.DataProviderWithExcel" name="searchKeyword" time="6.577"/>
  <testcase classname="NewAutomationSeries.DataProviderWithExcel" name="searchKeyword" time="7.833"/>
  <testcase classname="NewAutomationSeries.DataProviderWithExcel" name="searchKeyword" time="6.445"/>
  <testcase classname="NewAutomationSeries.DataProviderWithExcel" name="searchKeyword" time="6.580"/>
</testsuite> <!-- NewAutomationSeries.DataProviderWithExcel -->
