<?xml version="1.0" encoding="UTF-8"?>
<!-- Generated by org.testng.reporters.JUnitReportReporter -->
<testsuite hostname="LAPTOP-MK4L84AV" failures="0" tests="3" name="NewAutomationSeries.DataProvider" time="0.013" errors="0" timestamp="2025-01-03T13:24:54 IST" skipped="0">
  <testcase classname="NewAutomationSeries.DataProvider" name="multiply" time="0.001"/>
  <system-out/>
  <testcase classname="NewAutomationSeries.DataProvider" name="sub" time="0.002"/>
  <system-out/>
  <testcase classname="NewAutomationSeries.DataProvider" name="add" time="0.010"/>
  <system-out/>
</testsuite> <!-- NewAutomationSeries.DataProvider -->
