<?xml version="1.0" encoding="UTF-8"?>
<!-- Generated by org.testng.reporters.JUnitReportReporter -->
<testsuite hostname="LAPTOP-MK4L84AV" failures="0" tests="2" name="NewAutomationSeries.TestNGParamterGoogleSearch" time="5.176" errors="0" timestamp="2025-01-03T15:00:50 IST" skipped="0">
  <testcase classname="NewAutomationSeries.TestNGParamterGoogleSearch" name="enterData" time="2.097"/>
  <system-out/>
  <testcase classname="NewAutomationSeries.TestNGParamterGoogleSearch" name="enterData" time="3.079"/>
  <system-out/>
</testsuite> <!-- NewAutomationSeries.TestNGParamterGoogleSearch -->
