<?xml version="1.0" encoding="UTF-8"?>
<!-- Generated by org.testng.reporters.JUnitReportReporter -->
<testsuite hostname="LAPTOP-MK4L84AV" failures="0" tests="6" name="NewAutomationSeries.DataProviderExample" time="78.094" errors="0" timestamp="2025-04-15T13:51:15 IST" skipped="0">
  <testcase classname="NewAutomationSeries.DataProviderExample" name="login" time="16.845"/>
  <testcase classname="NewAutomationSeries.DataProviderExample" name="login" time="10.970"/>
  <testcase classname="NewAutomationSeries.DataProviderExample" name="login" time="15.292"/>
  <testcase classname="NewAutomationSeries.DataProviderExample" name="login" time="11.248"/>
  <testcase classname="NewAutomationSeries.DataProviderExample" name="login" time="10.746"/>
  <testcase classname="NewAutomationSeries.DataProviderExample" name="login" time="12.993"/>
</testsuite> <!-- NewAutomationSeries.DataProviderExample -->
