<?xml version="1.0" encoding="UTF-8"?>
<!-- Generated by org.testng.reporters.JUnitReportReporter -->
<testsuite hostname="Vihan" failures="0" tests="2" name="com.selenium.grid.SeleniumGridUsingDockerLinux" time="17.443" errors="0" timestamp="2025-11-24T10:02:24 IST" skipped="0">
  <testcase classname="com.selenium.grid.SeleniumGridUsingDockerLinux" name="launchGridEnv" time="6.584"/>
  <testcase classname="com.selenium.grid.SeleniumGridUsingDockerLinux" name="launchGridEnv" time="10.859"/>
</testsuite> <!-- com.selenium.grid.SeleniumGridUsingDockerLinux -->
