<?xml version="1.0" encoding="UTF-8"?>
<!-- Generated by org.testng.reporters.JUnitReportReporter -->
<testsuite hostname="LAPTOP-MK4L84AV" failures="0" tests="2" name="NewAutomationSeries.FireFoxDriver" time="16.133" errors="0" timestamp="2025-01-02T15:31:38 IST" skipped="0">
  <testcase classname="NewAutomationSeries.FireFoxDriver" name="LaunchFirefoxDriver" time="8.309"/>
  <system-out/>
  <testcase classname="NewAutomationSeries.FireFoxDriver" name="launchflip" time="7.824"/>
  <system-out/>
</testsuite> <!-- NewAutomationSeries.FireFoxDriver -->
