<?xml version="1.0" encoding="UTF-8"?>
<!-- Generated by org.testng.reporters.JUnitReportReporter -->
<testsuite hostname="LAPTOP-MK4L84AV" failures="0" tests="2" name="NewAutomationSeries.Chrome" time="5.655" errors="0" timestamp="2025-01-02T16:35:32 IST" skipped="0">
  <testcase classname="NewAutomationSeries.Chrome" name="launchFac" time="3.059"/>
  <system-out/>
  <testcase classname="NewAutomationSeries.Chrome" name="chromeLaunch" time="2.596"/>
  <system-out/>
</testsuite> <!-- NewAutomationSeries.Chrome -->
