<?xml version="1.0" encoding="UTF-8"?>
<!-- Generated by org.testng.reporters.JUnitReportReporter -->
<testsuite hostname="LAPTOP-MK4L84AV" failures="0" tests="2" name="NewAutomationSeries.ParallelTesting" time="15.076" errors="0" timestamp="2025-01-06T12:31:26 IST" skipped="0">
  <testcase classname="NewAutomationSeries.ParallelTesting" name="Demo1" time="7.686"/>
  <system-out/>
  <testcase classname="NewAutomationSeries.ParallelTesting" name="Demo2" time="7.390"/>
  <system-out/>
</testsuite> <!-- NewAutomationSeries.ParallelTesting -->
