<?xml version="1.0" encoding="UTF-8"?>
<!-- Generated by org.testng.reporters.JUnitReportReporter -->
<testsuite hostname="LAPTOP-MK4L84AV" failures="0" tests="2" name="NewAutomationSeries.ThreadSafetyConcepts" time="128.335" errors="0" timestamp="2025-05-22T11:54:11 IST" skipped="0">
  <testcase classname="NewAutomationSeries.ThreadSafetyConcepts" name="mytest2" time="63.357"/>
  <testcase classname="NewAutomationSeries.ThreadSafetyConcepts" name="mytest1" time="64.978"/>
</testsuite> <!-- NewAutomationSeries.ThreadSafetyConcepts -->
