<?xml version="1.0" encoding="UTF-8"?>
<!-- Generated by org.testng.reporters.JUnitReportReporter -->
<testsuite hostname="LAPTOP-MK4L84AV" failures="0" tests="3" name="NewAutomationSeries.CrossBrowserTesting" time="12.210" errors="0" timestamp="2025-01-07T13:38:13 IST" skipped="0">
  <testcase classname="NewAutomationSeries.CrossBrowserTesting" name="launchURL" time="3.882"/>
  <system-out/>
  <testcase classname="NewAutomationSeries.CrossBrowserTesting" name="launchURL" time="2.746"/>
  <system-out/>
  <testcase classname="NewAutomationSeries.CrossBrowserTesting" name="launchURL" time="5.582"/>
  <system-out/>
</testsuite> <!-- NewAutomationSeries.CrossBrowserTesting -->
